Submission has no tag 'week06'. Using master (sha: d9d245599a254bc32584bbd0c4a24cf4c1b67162)
--------
Checking for expected files
Found expected file done/node.c on master, not on tag week06
Found expected file done/network.h on master, not on tag week06
Found expected file done/network.c on master, not on tag week06
Found expected file done/hashtable.c on master, not on tag week06
Found expected file done/Makefile on master, not on tag week06
Found expected file done/client.h on master, not on tag week06
Found expected file done/pps-client-put.c on master, not on tag week06
Found expected file done/log-packets.c on master, not on tag week06
Found expected file done/node_list.h on master, not on tag week06
Found expected file done/ring.h on master, not on tag week06
Found expected file done/pps-launch-server.c on master, not on tag week06
Found expected file done/hashtable.h on master, not on tag week06
Found expected file done/pps-client-get.c on master, not on tag week06
Found expected file done/client.c on master, not on tag week06
Found expected file done/node.h on master, not on tag week06
Didn't find expected file done/node_list.c on master or on tag week06
--------
Got error code 2 when running trying to build target 'test-hashtable' with command 'make test-hashtable'
stdout: cc     test-hashtable.c   -o test-hashtable
<builtin>: recipe for target 'test-hashtable' failed

---
stderr: /tmp/ccbWSxyz.o: In function `add_value_does_retrieve_same_value':
test-hashtable.c:(.text+0x4a): undefined reference to `tcase_fn_start'
test-hashtable.c:(.text+0xac): undefined reference to `add_Htable_value'
test-hashtable.c:(.text+0xdf): undefined reference to `_mark_point'
test-hashtable.c:(.text+0xfd): undefined reference to `get_Htable_value'
test-hashtable.c:(.text+0x16a): undefined reference to `_ck_assert_failed'
test-hashtable.c:(.text+0x179): undefined reference to `_mark_point'
test-hashtable.c:(.text+0x1b8): undefined reference to `_ck_assert_failed'
/tmp/ccbWSxyz.o: In function `add_value_twice_erase_older':
test-hashtable.c:(.text+0x244): undefined reference to `tcase_fn_start'
test-hashtable.c:(.text+0x2c6): undefined reference to `add_Htable_value'
test-hashtable.c:(.text+0x2f9): undefined reference to `_mark_point'
test-hashtable.c:(.text+0x31d): undefined reference to `add_Htable_value'
test-hashtable.c:(.text+0x384): undefined reference to `_ck_assert_failed'
test-hashtable.c:(.text+0x393): undefined reference to `_mark_point'
test-hashtable.c:(.text+0x3b1): undefined reference to `get_Htable_value'
test-hashtable.c:(.text+0x418): undefined reference to `_ck_assert_failed'
test-hashtable.c:(.text+0x427): undefined reference to `_mark_point'
test-hashtable.c:(.text+0x466): undefined reference to `_ck_assert_failed'
/tmp/ccbWSxyz.o: In function `should_be_in_range':
test-hashtable.c:(.text+0x4b5): undefined reference to `tcase_fn_start'
test-hashtable.c:(.text+0x4e4): undefined reference to `hash_function'
test-hashtable.c:(.text+0x509): undefined reference to `_mark_point'
test-hashtable.c:(.text+0x542): undefined reference to `_ck_assert_failed'
/tmp/ccbWSxyz.o: In function `zero_size_return_0':
test-hashtable.c:(.text+0x58a): undefined reference to `tcase_fn_start'
test-hashtable.c:(.text+0x5aa): undefined reference to `hash_function'
test-hashtable.c:(.text+0x5cf): undefined reference to `_mark_point'
test-hashtable.c:(.text+0x608): undefined reference to `_ck_assert_failed'
/tmp/ccbWSxyz.o: In function `invalid_size_return_0':
test-hashtable.c:(.text+0x63d): undefined reference to `tcase_fn_start'
test-hashtable.c:(.text+0x66c): undefined reference to `hash_function'
test-hashtable.c:(.text+0x691): undefined reference to `_mark_point'
test-hashtable.c:(.text+0x6ca): undefined reference to `_ck_assert_failed'
/tmp/ccbWSxyz.o: In function `add_with_NULL_table_return_ERR_BAD_PARAMETER':
test-hashtable.c:(.text+0x727): undefined reference to `tcase_fn_start'
test-hashtable.c:(.text+0x79c): undefined reference to `add_Htable_value'
test-hashtable.c:(.text+0x7b0): undefined reference to `_mark_point'
test-hashtable.c:(.text+0x7f5): undefined reference to `_ck_assert_failed'
/tmp/ccbWSxyz.o: In function `get_with_NULL_table_return_0':
test-hashtable.c:(.text+0x830): undefined reference to `tcase_fn_start'
test-hashtable.c:(.text+0x89f): undefined reference to `get_Htable_value'
test-hashtable.c:(.text+0x8b2): undefined reference to `_mark_point'
test-hashtable.c:(.text+0x8f7): undefined reference to `_ck_assert_failed'
/tmp/ccbWSxyz.o: In function `hashtable_suite':
test-hashtable.c:(.text+0x921): undefined reference to `suite_create'
test-hashtable.c:(.text+0x92f): undefined reference to `tcase_create'
test-hashtable.c:(.text+0x946): undefined reference to `suite_add_tcase'
test-hashtable.c:(.text+0x973): undefined reference to `_tcase_add_test'
test-hashtable.c:(.text+0x9a4): undefined reference to `_tcase_add_test'
test-hashtable.c:(.text+0x9b2): undefined reference to `tcase_create'
test-hashtable.c:(.text+0x9c9): undefined reference to `suite_add_tcase'
test-hashtable.c:(.text+0x9f6): undefined reference to `_tcase_add_test'
test-hashtable.c:(.text+0xa27): undefined reference to `_tcase_add_test'
test-hashtable.c:(.text+0xa58): undefined reference to `_tcase_add_test'
test-hashtable.c:(.text+0xa66): undefined reference to `tcase_create'
test-hashtable.c:(.text+0xa7d): undefined reference to `suite_add_tcase'
test-hashtable.c:(.text+0xaaa): undefined reference to `_tcase_add_test'
/tmp/ccbWSxyz.o: In function `main':
test-hashtable.c:(.text+0xace): undefined reference to `srunner_create'
test-hashtable.c:(.text+0xae3): undefined reference to `srunner_run_all'
test-hashtable.c:(.text+0xaef): undefined reference to `srunner_ntests_failed'
test-hashtable.c:(.text+0xafe): undefined reference to `srunner_free'
collect2: error: ld returned 1 exit status
make: *** [test-hashtable] Error 1

Got error code 2 when running trying to build target 'test-hashtable' with command 'make'
stdout: cc    -c -o hashtable.o hashtable.c
cc    -c -o error.o error.c
cc    -c -o week04.o week04.c
gcc week04.o hashtable.o error.o -lcheck -lm -lrt -pthread -lsubunit -o test-hashtable
cc    -c -o pps-launch-server.o pps-launch-server.c
cc   pps-launch-server.o   -o pps-launch-server
<builtin>: recipe for target 'pps-launch-server' failed

---
stderr: pps-launch-server.o: In function `main':
pps-launch-server.c:(.text+0x1d): undefined reference to `get_socket'
pps-launch-server.c:(.text+0x34): undefined reference to `bind_server'
pps-launch-server.c:(.text+0x110): undefined reference to `network_get'
collect2: error: ld returned 1 exit status
make: *** [pps-launch-server] Error 1

Got error code 2 when running trying to build target 'test-hashtable' with command '[staff makefile]'
Got error code 2 when running trying to build target 'test-hashtable' with command '[staff makefile]'
Unable to build target 'test-hashtable'
Got error code 2 when running trying to build target 'pps-client-get' with command 'make pps-client-get'
stdout: cc    -c -o pps-client-get.o pps-client-get.c
cc   pps-client-get.o   -o pps-client-get
<builtin>: recipe for target 'pps-client-get' failed

---
stderr: pps-client-get.o: In function `main':
pps-client-get.c:(.text+0x26): undefined reference to `client_init'
pps-client-get.c:(.text+0x95): undefined reference to `network_get'
collect2: error: ld returned 1 exit status
make: *** [pps-client-get] Error 1

Got error code 2 when running trying to build target 'pps-client-get' with command 'make'
stdout: gcc week04.o hashtable.o error.o -lcheck -lm -lrt -pthread -lsubunit -o test-hashtable
cc   pps-launch-server.o   -o pps-launch-server
<builtin>: recipe for target 'pps-launch-server' failed

---
stderr: pps-launch-server.o: In function `main':
pps-launch-server.c:(.text+0x1d): undefined reference to `get_socket'
pps-launch-server.c:(.text+0x34): undefined reference to `bind_server'
pps-launch-server.c:(.text+0x110): undefined reference to `network_get'
collect2: error: ld returned 1 exit status
make: *** [pps-launch-server] Error 1

Got error code 2 when running trying to build target 'pps-client-get' with command '[staff makefile]'
Got error code 2 when running trying to build target 'pps-client-get' with command '[staff makefile]'
Unable to build target 'pps-client-get'
Got error code 2 when running trying to build target 'pps-client-put' with command 'make pps-client-put'
stdout: cc    -c -o pps-client-put.o pps-client-put.c
cc   pps-client-put.o   -o pps-client-put
<builtin>: recipe for target 'pps-client-put' failed

---
stderr: pps-client-put.o: In function `main':
pps-client-put.c:(.text+0x26): undefined reference to `client_init'
pps-client-put.c:(.text+0x97): undefined reference to `network_put'
collect2: error: ld returned 1 exit status
make: *** [pps-client-put] Error 1

Got error code 2 when running trying to build target 'pps-client-put' with command 'make'
stdout: gcc week04.o hashtable.o error.o -lcheck -lm -lrt -pthread -lsubunit -o test-hashtable
cc   pps-launch-server.o   -o pps-launch-server
<builtin>: recipe for target 'pps-launch-server' failed

---
stderr: pps-launch-server.o: In function `main':
pps-launch-server.c:(.text+0x1d): undefined reference to `get_socket'
pps-launch-server.c:(.text+0x34): undefined reference to `bind_server'
pps-launch-server.c:(.text+0x110): undefined reference to `network_get'
collect2: error: ld returned 1 exit status
make: *** [pps-launch-server] Error 1

Got error code 2 when running trying to build target 'pps-client-put' with command '[staff makefile]'
Got error code 2 when running trying to build target 'pps-client-put' with command '[staff makefile]'
Unable to build target 'pps-client-put'
Got error code 2 when running trying to build target 'pps-launch-server' with command 'make pps-launch-server'
stdout: cc   pps-launch-server.o   -o pps-launch-server
<builtin>: recipe for target 'pps-launch-server' failed

---
stderr: pps-launch-server.o: In function `main':
pps-launch-server.c:(.text+0x1d): undefined reference to `get_socket'
pps-launch-server.c:(.text+0x34): undefined reference to `bind_server'
pps-launch-server.c:(.text+0x110): undefined reference to `network_get'
collect2: error: ld returned 1 exit status
make: *** [pps-launch-server] Error 1

Got error code 2 when running trying to build target 'pps-launch-server' with command 'make'
stdout: gcc week04.o hashtable.o error.o -lcheck -lm -lrt -pthread -lsubunit -o test-hashtable
cc   pps-launch-server.o   -o pps-launch-server
<builtin>: recipe for target 'pps-launch-server' failed

---
stderr: pps-launch-server.o: In function `main':
pps-launch-server.c:(.text+0x1d): undefined reference to `get_socket'
pps-launch-server.c:(.text+0x34): undefined reference to `bind_server'
pps-launch-server.c:(.text+0x110): undefined reference to `network_get'
collect2: error: ld returned 1 exit status
make: *** [pps-launch-server] Error 1

Got error code 2 when running trying to build target 'pps-launch-server' with command '[staff makefile]'
Got error code 2 when running trying to build target 'pps-launch-server' with command '[staff makefile]'
Unable to build target 'pps-launch-server'
Test test-hashtable returned code 0
stdout:
Running suite(s): hashtable.h
100%: Checks: 1, Failures: 0, Errors: 0
week04.c:41:P:hashtable:add_value_does_retrieve_same_value:0: Passed

------
stderr:


-------------------------
Running test scripts


Unable to run test '05.basic.sh' because the following executables weren't found: pps-launch-server, pps-client-get, pps-client-put
-----------
Unable to run test '06.basic.sh' because the following executables weren't found: pps-launch-server, pps-client-get, pps-client-put
