Submission has no tag 'week07'. Using master (sha: 33493496eb6c4ebaaa89957ac526f5b939278d96)
--------
Checking for expected files
Found expected file done/node.c on master, not on tag week07
Found expected file done/network.h on master, not on tag week07
Found expected file done/network.c on master, not on tag week07
Found expected file done/hashtable.c on master, not on tag week07
Found expected file done/Makefile on master, not on tag week07
Found expected file done/client.h on master, not on tag week07
Found expected file done/pps-client-put.c on master, not on tag week07
Found expected file done/log-packets.c on master, not on tag week07
Found expected file done/node_list.h on master, not on tag week07
Found expected file done/ring.h on master, not on tag week07
Found expected file done/pps-launch-server.c on master, not on tag week07
Found expected file done/hashtable.h on master, not on tag week07
Found expected file done/pps-client-get.c on master, not on tag week07
Found expected file done/client.c on master, not on tag week07
Found expected file done/node.h on master, not on tag week07
Didn't find expected file done/node_list.c on master or on tag week07
--------
Force copying (overwriting) provided file: tests.h
Force copying (overwriting) provided file: system.h
Force copying (overwriting) provided file: config.h
Force copying (overwriting) provided file: network.h
Force copying (overwriting) provided file: util.c
Force copying (overwriting) provided file: log-packets.c
Force copying (overwriting) provided file: util.h
Force copying (overwriting) provided file: ring.h
Force copying (overwriting) provided file: system.c
Got error code 2 when running trying to build target 'test-hashtable' with command 'make test-hashtable'
stdout: cc     test-hashtable.c   -o test-hashtable
<builtin>: recipe for target 'test-hashtable' failed

---
stderr: test-hashtable.c:29:9: error: excess elements in char array initializer
     "", "a", "we can put anything in there, it should work"
         ^
test-hashtable.c:29:9: note: (near initialization for ‘KEYS’)
test-hashtable.c:29:14: error: excess elements in char array initializer
     "", "a", "we can put anything in there, it should work"
              ^
test-hashtable.c:29:14: note: (near initialization for ‘KEYS’)
test-hashtable.c:34:9: error: excess elements in char array initializer
     "", "a", "another stupid value"
         ^
test-hashtable.c:34:9: note: (near initialization for ‘VALUES’)
test-hashtable.c:34:14: error: excess elements in char array initializer
     "", "a", "another stupid value"
              ^
test-hashtable.c:34:14: note: (near initialization for ‘VALUES’)
test-hashtable.c:33:31: error: wide character array initialized from non-wide string
 static pps_value_t VALUES[] = {
                               ^
test-hashtable.c: In function ‘other_value’:
test-hashtable.c:58:12: warning: return makes integer from pointer without a cast [-Wint-conversion]
     return "string only found here, so 'other' enough";
            ^
test-hashtable.c: At top level:
test-hashtable.c:61:17: error: ‘new_table’ declared as function returning an array
 static Htable_t new_table()
                 ^
test-hashtable.c: In function ‘new_table’:
test-hashtable.c:63:12: error: void value not ignored as it ought to be
     return construct_Htable(256);
            ^
test-hashtable.c: In function ‘add_value_does_retrieve_same_value’:
test-hashtable.c:74:22: error: invalid initializer
     Htable_t table = new_table();
                      ^
test-hashtable.c:50:16: warning: comparison between pointer and integer
   if (expected == NULL) \
                ^
test-hashtable.c:79:13: note: in expansion of macro ‘ck_assert_value_eq’
             ck_assert_value_eq(get_Htable_value(table, *key), *value);
             ^
test-hashtable.c:79:13: warning: initialization makes pointer from integer without a cast [-Wint-conversion]
test-hashtable.c:79:13: warning: initialization makes pointer from integer without a cast [-Wint-conversion]
test-hashtable.c:79:13: warning: initialization makes pointer from integer without a cast [-Wint-conversion]
test-hashtable.c: In function ‘add_value_twice_erase_older’:
test-hashtable.c:91:22: error: invalid initializer
     Htable_t table = new_table();
                      ^
test-hashtable.c:50:16: warning: comparison between pointer and integer
   if (expected == NULL) \
                ^
test-hashtable.c:98:9: note: in expansion of macro ‘ck_assert_value_eq’
         ck_assert_value_eq(get_Htable_value(table, *key), my_value);
         ^
test-hashtable.c:98:9: warning: initialization makes pointer from integer without a cast [-Wint-conversion]
test-hashtable.c:98:9: warning: initialization makes pointer from integer without a cast [-Wint-conversion]
test-hashtable.c:98:9: warning: initialization makes pointer from integer without a cast [-Wint-conversion]
test-hashtable.c: In function ‘construct_and_delete’:
test-hashtable.c:126:26: error: invalid initializer
         Htable_t table = construct_Htable(size);
                          ^
In file included from test-hashtable.c:23:0:
test-hashtable.c: In function ‘bad_construct’:
hashtable.h:52:20: error: cast specifies array type
 #define NO_HTABLE ((Htable_t) NULL)
                    ^
test-hashtable.c:139:20: note: in expansion of macro ‘NO_HTABLE’
     Htable_t ret = NO_HTABLE;
                    ^
hashtable.h:52:19: error: invalid initializer
 #define NO_HTABLE ((Htable_t) NULL)
                   ^
test-hashtable.c:139:20: note: in expansion of macro ‘NO_HTABLE’
     Htable_t ret = NO_HTABLE;
                    ^
In file included from test-hashtable.c:20:0:
test-hashtable.c:140:28: error: assignment to expression with array type
     ck_assert_ptr_null(ret = construct_Htable(0));
                            ^
test-hashtable.c:140:5: note: in expansion of macro ‘ck_assert_ptr_null’
     ck_assert_ptr_null(ret = construct_Htable(0));
     ^
test-hashtable.c:145:78: error: request for member ‘map’ in something not a structure or union
                                  1 + ((SIZE_MAX - sizeof(*ret)) / sizeof(*ret->map))
                                                                              ^
test-hashtable.c:144:5: note: in expansion of macro ‘ck_assert_ptr_null’
     ck_assert_ptr_null(ret = construct_Htable(
     ^
test-hashtable.c:144:28: error: assignment to expression with array type
     ck_assert_ptr_null(ret = construct_Htable(
                            ^
test-hashtable.c:144:5: note: in expansion of macro ‘ck_assert_ptr_null’
     ck_assert_ptr_null(ret = construct_Htable(
     ^
test-hashtable.c: In function ‘add_with_NULL_table_return_ERR_BAD_PARAMETER’:
test-hashtable.c:162:30: error: invalid initializer
     Htable_t table         = new_table();    \
                              ^
test-hashtable.c:172:1: note: in expansion of macro ‘hashtable_with_NULL_return’
 hashtable_with_NULL_return(add, int, ERR_BAD_PARAMETER, table, NULL, key, value)
 ^
test-hashtable.c: In function ‘add_with_NULL_key_return_ERR_BAD_PARAMETER’:
test-hashtable.c:162:30: error: invalid initializer
     Htable_t table         = new_table();    \
                              ^
test-hashtable.c:173:1: note: in expansion of macro ‘hashtable_with_NULL_return’
 hashtable_with_NULL_return(add, int, ERR_BAD_PARAMETER, key, table, NULL, value)
 ^
test-hashtable.c:173:1: warning: passing argument 2 of ‘add_Htable_value’ makes integer from pointer without a cast [-Wint-conversion]
In file included from test-hashtable.c:23:0:
hashtable.h:86:12: note: expected ‘pps_key_t {aka char}’ but argument is of type ‘void *’
 error_code add_Htable_value(Htable_t table, pps_key_t key, pps_value_t value);
            ^
test-hashtable.c: In function ‘add_with_NULL_value_return_ERR_BAD_PARAMETER’:
test-hashtable.c:162:30: error: invalid initializer
     Htable_t table         = new_table();    \
                              ^
test-hashtable.c:174:1: note: in expansion of macro ‘hashtable_with_NULL_return’
 hashtable_with_NULL_return(add, int, ERR_BAD_PARAMETER, value, table, key, NULL )
 ^
test-hashtable.c:174:1: warning: passing argument 3 of ‘add_Htable_value’ makes integer from pointer without a cast [-Wint-conversion]
In file included from test-hashtable.c:23:0:
hashtable.h:86:12: note: expected ‘pps_value_t {aka int}’ but argument is of type ‘void *’
 error_code add_Htable_value(Htable_t table, pps_key_t key, pps_value_t value);
            ^
test-hashtable.c: In function ‘get_with_NULL_table_return_NULL’:
test-hashtable.c:162:30: error: invalid initializer
     Htable_t table         = new_table();    \
                              ^
test-hashtable.c:175:1: note: in expansion of macro ‘hashtable_with_NULL_return’
 hashtable_with_NULL_return(get, pps_value_t, NULL, table, NULL, key)
 ^
In file included from test-hashtable.c:20:0:
test-hashtable.c:166:46: warning: comparison between pointer and integer
     ck_assert(op##_Htable_value(__VA_ARGS__) == ret_value); \
                                              ^
test-hashtable.c:175:1: note: in expansion of macro ‘hashtable_with_NULL_return’
 hashtable_with_NULL_return(get, pps_value_t, NULL, table, NULL, key)
 ^
test-hashtable.c: In function ‘get_with_NULL_key_return_NULL’:
test-hashtable.c:162:30: error: invalid initializer
     Htable_t table         = new_table();    \
                              ^
test-hashtable.c:176:1: note: in expansion of macro ‘hashtable_with_NULL_return’
 hashtable_with_NULL_return(get, pps_value_t, NULL, key, table, NULL)
 ^
test-hashtable.c:176:1: warning: passing argument 2 of ‘get_Htable_value’ makes integer from pointer without a cast [-Wint-conversion]
In file included from test-hashtable.c:23:0:
hashtable.h:94:13: note: expected ‘pps_key_t {aka char}’ but argument is of type ‘void *’
 pps_value_t get_Htable_value(Htable_t table, pps_key_t key);
             ^
In file included from test-hashtable.c:20:0:
test-hashtable.c:166:46: warning: comparison between pointer and integer
     ck_assert(op##_Htable_value(__VA_ARGS__) == ret_value); \
                                              ^
test-hashtable.c:176:1: note: in expansion of macro ‘hashtable_with_NULL_return’
 hashtable_with_NULL_return(get, pps_value_t, NULL, key, table, NULL)
 ^
test-hashtable.c: In function ‘add_value_copy_value’:
test-hashtable.c:182:22: error: invalid initializer
     Htable_t table = new_table();
                      ^
test-hashtable.c:186:30: warning: comparison between pointer and integer
             if (*value_const == NULL || **value_const == '\0')
                              ^
test-hashtable.c:186:41: error: invalid type argument of unary ‘*’ (have ‘pps_value_t {aka int}’)
             if (*value_const == NULL || **value_const == '\0')
                                         ^
test-hashtable.c:189:34: warning: passing argument 1 of ‘strdup’ makes pointer from integer without a cast [-Wint-conversion]
             char *value = strdup(*value_const);
                                  ^
In file included from test-hashtable.c:13:0:
/usr/include/string.h:171:14: note: expected ‘const char *’ but argument is of type ‘pps_value_t {aka int}’
 extern char *strdup (const char *__s)
              ^
In file included from test-hashtable.c:20:0:
test-hashtable.c:190:62: warning: passing argument 3 of ‘add_Htable_value’ makes integer from pointer without a cast [-Wint-conversion]
             ck_assert_err_none(add_Htable_value(table, *key, value));
                                                              ^
test-hashtable.c:190:13: note: in expansion of macro ‘ck_assert_err_none’
             ck_assert_err_none(add_Htable_value(table, *key, value));
             ^
In file included from test-hashtable.c:23:0:
hashtable.h:86:12: note: expected ‘pps_value_t {aka int}’ but argument is of type ‘char *’
 error_code add_Htable_value(Htable_t table, pps_key_t key, pps_value_t value);
            ^
test-hashtable.c:50:16: warning: comparison between pointer and integer
   if (expected == NULL) \
                ^
test-hashtable.c:195:13: note: in expansion of macro ‘ck_assert_value_eq’
             ck_assert_value_eq(ret, *value_const);
             ^
test-hashtable.c:195:13: warning: initialization makes pointer from integer without a cast [-Wint-conversion]
test-hashtable.c:195:13: warning: initialization makes pointer from integer without a cast [-Wint-conversion]
test-hashtable.c:195:13: warning: initialization makes pointer from integer without a cast [-Wint-conversion]
test-hashtable.c: In function ‘add_value_copy_key’:
test-hashtable.c:208:22: error: invalid initializer
     Htable_t table = new_table();
                      ^
test-hashtable.c:211:24: warning: comparison between pointer and integer
         if (*key_const == NULL || *key_const[0] == '\0')
                        ^
test-hashtable.c:211:35: error: invalid type argument of unary ‘*’ (have ‘int’)
         if (*key_const == NULL || *key_const[0] == '\0')
                                   ^
test-hashtable.c:214:32: warning: passing argument 1 of ‘strdup’ makes pointer from integer without a cast [-Wint-conversion]
             char *key = strdup(*key_const);
                                ^
In file included from test-hashtable.c:13:0:
/usr/include/string.h:171:14: note: expected ‘const char *’ but argument is of type ‘pps_key_t {aka char}’
 extern char *strdup (const char *__s)
              ^
In file included from test-hashtable.c:20:0:
test-hashtable.c:216:56: warning: passing argument 2 of ‘add_Htable_value’ makes integer from pointer without a cast [-Wint-conversion]
             ck_assert_err_none(add_Htable_value(table, key, *value));
                                                        ^
test-hashtable.c:216:13: note: in expansion of macro ‘ck_assert_err_none’
             ck_assert_err_none(add_Htable_value(table, key, *value));
             ^
In file included from test-hashtable.c:23:0:
hashtable.h:86:12: note: expected ‘pps_key_t {aka char}’ but argument is of type ‘char *’
 error_code add_Htable_value(Htable_t table, pps_key_t key, pps_value_t value);
            ^
test-hashtable.c:50:16: warning: comparison between pointer and integer
   if (expected == NULL) \
                ^
test-hashtable.c:221:13: note: in expansion of macro ‘ck_assert_value_eq’
             ck_assert_value_eq(ret, *value);
             ^
test-hashtable.c:221:13: warning: initialization makes pointer from integer without a cast [-Wint-conversion]
test-hashtable.c:221:13: warning: initialization makes pointer from integer without a cast [-Wint-conversion]
test-hashtable.c:221:13: warning: initialization makes pointer from integer without a cast [-Wint-conversion]
make: *** [test-hashtable] Error 1

Got error code 2 when running trying to build target 'test-hashtable' with command 'make'
stdout: cc    -c -o hashtable.o hashtable.c
cc    -c -o error.o error.c
cc    -c -o week04.o week04.c
gcc week04.o hashtable.o error.o -lcheck -lm -lrt -pthread -lsubunit -o test-hashtable
cc    -c -o pps-launch-server.o pps-launch-server.c
cc   pps-launch-server.o   -o pps-launch-server
<builtin>: recipe for target 'pps-launch-server' failed

---
stderr: pps-launch-server.o: In function `main':
pps-launch-server.c:(.text+0x1d): undefined reference to `get_socket'
pps-launch-server.c:(.text+0x34): undefined reference to `bind_server'
pps-launch-server.c:(.text+0x110): undefined reference to `network_get'
collect2: error: ld returned 1 exit status
make: *** [pps-launch-server] Error 1

Got error code 2 when running trying to build target 'test-hashtable' with command '[staff makefile]'
Got error code 2 when running trying to build target 'test-hashtable' with command '[staff makefile]'
Unable to build target 'test-hashtable'
Got error code 2 when running trying to build target 'pps-client-get' with command 'make pps-client-get'
stdout: cc    -c -o pps-client-get.o pps-client-get.c
cc   pps-client-get.o   -o pps-client-get
<builtin>: recipe for target 'pps-client-get' failed

---
stderr: pps-client-get.o: In function `main':
pps-client-get.c:(.text+0x26): undefined reference to `client_init'
pps-client-get.c:(.text+0x95): undefined reference to `network_get'
collect2: error: ld returned 1 exit status
make: *** [pps-client-get] Error 1

Got error code 2 when running trying to build target 'pps-client-get' with command 'make'
stdout: gcc week04.o hashtable.o error.o -lcheck -lm -lrt -pthread -lsubunit -o test-hashtable
cc   pps-launch-server.o   -o pps-launch-server
<builtin>: recipe for target 'pps-launch-server' failed

---
stderr: pps-launch-server.o: In function `main':
pps-launch-server.c:(.text+0x1d): undefined reference to `get_socket'
pps-launch-server.c:(.text+0x34): undefined reference to `bind_server'
pps-launch-server.c:(.text+0x110): undefined reference to `network_get'
collect2: error: ld returned 1 exit status
make: *** [pps-launch-server] Error 1

Got error code 2 when running trying to build target 'pps-client-get' with command '[staff makefile]'
Got error code 2 when running trying to build target 'pps-client-get' with command '[staff makefile]'
Unable to build target 'pps-client-get'
Got error code 2 when running trying to build target 'pps-client-put' with command 'make pps-client-put'
stdout: cc    -c -o pps-client-put.o pps-client-put.c
cc   pps-client-put.o   -o pps-client-put
<builtin>: recipe for target 'pps-client-put' failed

---
stderr: pps-client-put.o: In function `main':
pps-client-put.c:(.text+0x26): undefined reference to `client_init'
pps-client-put.c:(.text+0x97): undefined reference to `network_put'
collect2: error: ld returned 1 exit status
make: *** [pps-client-put] Error 1

Got error code 2 when running trying to build target 'pps-client-put' with command 'make'
stdout: gcc week04.o hashtable.o error.o -lcheck -lm -lrt -pthread -lsubunit -o test-hashtable
cc   pps-launch-server.o   -o pps-launch-server
<builtin>: recipe for target 'pps-launch-server' failed

---
stderr: pps-launch-server.o: In function `main':
pps-launch-server.c:(.text+0x1d): undefined reference to `get_socket'
pps-launch-server.c:(.text+0x34): undefined reference to `bind_server'
pps-launch-server.c:(.text+0x110): undefined reference to `network_get'
collect2: error: ld returned 1 exit status
make: *** [pps-launch-server] Error 1

Got error code 2 when running trying to build target 'pps-client-put' with command '[staff makefile]'
Got error code 2 when running trying to build target 'pps-client-put' with command '[staff makefile]'
Unable to build target 'pps-client-put'
Got error code 2 when running trying to build target 'pps-launch-server' with command 'make pps-launch-server'
stdout: cc   pps-launch-server.o   -o pps-launch-server
<builtin>: recipe for target 'pps-launch-server' failed

---
stderr: pps-launch-server.o: In function `main':
pps-launch-server.c:(.text+0x1d): undefined reference to `get_socket'
pps-launch-server.c:(.text+0x34): undefined reference to `bind_server'
pps-launch-server.c:(.text+0x110): undefined reference to `network_get'
collect2: error: ld returned 1 exit status
make: *** [pps-launch-server] Error 1

Got error code 2 when running trying to build target 'pps-launch-server' with command 'make'
stdout: gcc week04.o hashtable.o error.o -lcheck -lm -lrt -pthread -lsubunit -o test-hashtable
cc   pps-launch-server.o   -o pps-launch-server
<builtin>: recipe for target 'pps-launch-server' failed

---
stderr: pps-launch-server.o: In function `main':
pps-launch-server.c:(.text+0x1d): undefined reference to `get_socket'
pps-launch-server.c:(.text+0x34): undefined reference to `bind_server'
pps-launch-server.c:(.text+0x110): undefined reference to `network_get'
collect2: error: ld returned 1 exit status
make: *** [pps-launch-server] Error 1

Got error code 2 when running trying to build target 'pps-launch-server' with command '[staff makefile]'
Got error code 2 when running trying to build target 'pps-launch-server' with command '[staff makefile]'
Unable to build target 'pps-launch-server'
Test test-hashtable returned code 0
stdout:
Running suite(s): hashtable.h
100%: Checks: 1, Failures: 0, Errors: 0
week04.c:41:P:hashtable:add_value_does_retrieve_same_value:0: Passed

------
stderr:


-------------------------
Running test scripts


Unable to run test '05.basic.sh' because the following executables weren't found: pps-launch-server, pps-client-get, pps-client-put
-----------
Unable to run test '06.basic.sh' because the following executables weren't found: pps-launch-server, pps-client-get, pps-client-put
-----------
Unable to run test '07.basic.sh' because the following executables weren't found: pps-launch-server, pps-client-get, pps-client-put
